2023-07-28 11:12:14.991 +08:00 [Information] 

  _____        _              _    _____       _     _
 |  __ \      | |            | |  / ____|     (_)   | |
 | |  | | ___ | |_ _ __   ___| |_| (___  _ __  _  __| | ___ _ __
 | |  | |/ _ \| __| '_ \ / _ \ __|\___ \| '_ \| |/ _` |/ _ \ '__|
 | |__| | (_) | |_| | | |  __/ |_ ____) | |_) | | (_| |  __/ |
 |_____/ \___/ \__|_| |_|\___|\__|_____/| .__/|_|\__,_|\___|_|     version: 5.1.2.0
                                        | |
                                        |_|

2023-07-28 11:12:15.034 +08:00 [Information] RequestedQueueCount: 1000
2023-07-28 11:12:15.035 +08:00 [Information] Depth: 0
2023-07-28 11:12:15.035 +08:00 [Information] RetriedTimes: 3
2023-07-28 11:12:15.035 +08:00 [Information] EmptySleepTime: 60
2023-07-28 11:12:15.036 +08:00 [Information] Speed: 1
2023-07-28 11:12:15.036 +08:00 [Information] Batch: 4
2023-07-28 11:12:15.037 +08:00 [Information] RemoveOutboundLinks: False
2023-07-28 11:12:15.037 +08:00 [Information] StorageType: DotnetSpider.MySql.MySqlEntityStorage, DotnetSpider.MySql
2023-07-28 11:12:15.038 +08:00 [Information] RefreshProxy: 30
2023-07-28 11:12:15.280 +08:00 [Information] Agent started
2023-07-28 11:12:15.282 +08:00 [Information] Initialize spider 64c3320fe5188e1cf7b526ea, Github
2023-07-28 11:12:15.318 +08:00 [Information] 64c3320fe5188e1cf7b526ea DataFlows: Parser -> ConsoleStorage
2023-07-28 11:12:15.328 +08:00 [Information] 64c3320fe5188e1cf7b526ea register topic DotnetSpider_64c3320fe5188e1cf7b526ea
2023-07-28 11:12:15.333 +08:00 [Information] Statistics service started
2023-07-28 11:12:55.170 +08:00 [Information] 

  _____        _              _    _____       _     _
 |  __ \      | |            | |  / ____|     (_)   | |
 | |  | | ___ | |_ _ __   ___| |_| (___  _ __  _  __| | ___ _ __
 | |  | |/ _ \| __| '_ \ / _ \ __|\___ \| '_ \| |/ _` |/ _ \ '__|
 | |__| | (_) | |_| | | |  __/ |_ ____) | |_) | | (_| |  __/ |
 |_____/ \___/ \__|_| |_|\___|\__|_____/| .__/|_|\__,_|\___|_|     version: 5.1.2.0
                                        | |
                                        |_|

2023-07-28 11:12:55.202 +08:00 [Information] RequestedQueueCount: 1000
2023-07-28 11:12:55.203 +08:00 [Information] Depth: 0
2023-07-28 11:12:55.203 +08:00 [Information] RetriedTimes: 3
2023-07-28 11:12:55.203 +08:00 [Information] EmptySleepTime: 60
2023-07-28 11:12:55.205 +08:00 [Information] Speed: 1
2023-07-28 11:12:55.219 +08:00 [Information] Batch: 4
2023-07-28 11:12:55.220 +08:00 [Information] RemoveOutboundLinks: False
2023-07-28 11:12:55.224 +08:00 [Information] StorageType: DotnetSpider.MySql.MySqlEntityStorage, DotnetSpider.MySql
2023-07-28 11:12:55.225 +08:00 [Information] RefreshProxy: 30
2023-07-28 11:12:55.477 +08:00 [Information] Agent started
2023-07-28 11:12:55.489 +08:00 [Information] Initialize spider 64c33237934ccea6e8c55117, Github
2023-07-28 11:12:55.521 +08:00 [Information] 64c33237934ccea6e8c55117 DataFlows: Parser -> ConsoleStorage
2023-07-28 11:12:55.529 +08:00 [Information] 64c33237934ccea6e8c55117 register topic DotnetSpider_64c33237934ccea6e8c55117
2023-07-28 11:12:55.574 +08:00 [Information] Statistics service started
2023-07-28 11:14:48.583 +08:00 [Information] 

  _____        _              _    _____       _     _
 |  __ \      | |            | |  / ____|     (_)   | |
 | |  | | ___ | |_ _ __   ___| |_| (___  _ __  _  __| | ___ _ __
 | |  | |/ _ \| __| '_ \ / _ \ __|\___ \| '_ \| |/ _` |/ _ \ '__|
 | |__| | (_) | |_| | | |  __/ |_ ____) | |_) | | (_| |  __/ |
 |_____/ \___/ \__|_| |_|\___|\__|_____/| .__/|_|\__,_|\___|_|     version: 5.1.2.0
                                        | |
                                        |_|

2023-07-28 11:14:48.636 +08:00 [Information] RequestedQueueCount: 1000
2023-07-28 11:14:48.637 +08:00 [Information] Depth: 0
2023-07-28 11:14:48.638 +08:00 [Information] RetriedTimes: 3
2023-07-28 11:14:48.638 +08:00 [Information] EmptySleepTime: 60
2023-07-28 11:14:48.639 +08:00 [Information] Speed: 1
2023-07-28 11:14:48.639 +08:00 [Information] Batch: 4
2023-07-28 11:14:48.640 +08:00 [Information] RemoveOutboundLinks: False
2023-07-28 11:14:48.640 +08:00 [Information] StorageType: DotnetSpider.MySql.MySqlEntityStorage, DotnetSpider.MySql
2023-07-28 11:14:48.640 +08:00 [Information] RefreshProxy: 30
2023-07-28 11:14:48.859 +08:00 [Information] Agent started
2023-07-28 11:14:48.863 +08:00 [Information] Initialize spider 64c332a85f2cf2ef736b6ba1, Github
2023-07-28 11:14:48.899 +08:00 [Information] 64c332a85f2cf2ef736b6ba1 DataFlows: Parser -> ConsoleStorage
2023-07-28 11:14:48.908 +08:00 [Information] 64c332a85f2cf2ef736b6ba1 register topic DotnetSpider_64c332a85f2cf2ef736b6ba1
2023-07-28 11:14:48.913 +08:00 [Information] Statistics service started
2023-07-28 11:14:58.531 +08:00 [Information] 

  _____        _              _    _____       _     _
 |  __ \      | |            | |  / ____|     (_)   | |
 | |  | | ___ | |_ _ __   ___| |_| (___  _ __  _  __| | ___ _ __
 | |  | |/ _ \| __| '_ \ / _ \ __|\___ \| '_ \| |/ _` |/ _ \ '__|
 | |__| | (_) | |_| | | |  __/ |_ ____) | |_) | | (_| |  __/ |
 |_____/ \___/ \__|_| |_|\___|\__|_____/| .__/|_|\__,_|\___|_|     version: 5.1.2.0
                                        | |
                                        |_|

2023-07-28 11:14:58.565 +08:00 [Information] RequestedQueueCount: 1000
2023-07-28 11:14:58.565 +08:00 [Information] Depth: 0
2023-07-28 11:14:58.566 +08:00 [Information] RetriedTimes: 3
2023-07-28 11:14:58.566 +08:00 [Information] EmptySleepTime: 60
2023-07-28 11:14:58.567 +08:00 [Information] Speed: 1
2023-07-28 11:14:58.567 +08:00 [Information] Batch: 4
2023-07-28 11:14:58.567 +08:00 [Information] RemoveOutboundLinks: False
2023-07-28 11:14:58.568 +08:00 [Information] StorageType: DotnetSpider.MySql.MySqlEntityStorage, DotnetSpider.MySql
2023-07-28 11:14:58.568 +08:00 [Information] RefreshProxy: 30
2023-07-28 11:14:58.860 +08:00 [Information] Agent started
2023-07-28 11:14:58.868 +08:00 [Information] Initialize spider 64c332b2935b3383d33f362d, Github
2023-07-28 11:14:58.899 +08:00 [Information] 64c332b2935b3383d33f362d DataFlows: Parser -> ConsoleStorage
2023-07-28 11:14:58.907 +08:00 [Information] 64c332b2935b3383d33f362d register topic DotnetSpider_64c332b2935b3383d33f362d
2023-07-28 11:14:58.953 +08:00 [Information] Statistics service started
2023-07-28 11:15:35.924 +08:00 [Information] 

  _____        _              _    _____       _     _
 |  __ \      | |            | |  / ____|     (_)   | |
 | |  | | ___ | |_ _ __   ___| |_| (___  _ __  _  __| | ___ _ __
 | |  | |/ _ \| __| '_ \ / _ \ __|\___ \| '_ \| |/ _` |/ _ \ '__|
 | |__| | (_) | |_| | | |  __/ |_ ____) | |_) | | (_| |  __/ |
 |_____/ \___/ \__|_| |_|\___|\__|_____/| .__/|_|\__,_|\___|_|     version: 5.1.2.0
                                        | |
                                        |_|

2023-07-28 11:15:35.955 +08:00 [Information] RequestedQueueCount: 1000
2023-07-28 11:15:35.956 +08:00 [Information] Depth: 0
2023-07-28 11:15:35.957 +08:00 [Information] RetriedTimes: 3
2023-07-28 11:15:35.957 +08:00 [Information] EmptySleepTime: 60
2023-07-28 11:15:35.958 +08:00 [Information] Speed: 1
2023-07-28 11:15:35.958 +08:00 [Information] Batch: 4
2023-07-28 11:15:35.959 +08:00 [Information] RemoveOutboundLinks: False
2023-07-28 11:15:35.959 +08:00 [Information] StorageType: DotnetSpider.MySql.MySqlEntityStorage, DotnetSpider.MySql
2023-07-28 11:15:35.960 +08:00 [Information] RefreshProxy: 30
2023-07-28 11:15:36.155 +08:00 [Information] Agent started
2023-07-28 11:15:36.164 +08:00 [Information] Initialize spider 64c332d8667fefca82800813, Github
2023-07-28 11:15:36.188 +08:00 [Information] 64c332d8667fefca82800813 DataFlows: Parser -> ConsoleStorage
2023-07-28 11:15:36.195 +08:00 [Information] 64c332d8667fefca82800813 register topic DotnetSpider_64c332d8667fefca82800813
2023-07-28 11:15:36.222 +08:00 [Information] Statistics service started
2023-07-28 11:21:20.744 +08:00 [Information] 

  _____        _              _    _____       _     _
 |  __ \      | |            | |  / ____|     (_)   | |
 | |  | | ___ | |_ _ __   ___| |_| (___  _ __  _  __| | ___ _ __
 | |  | |/ _ \| __| '_ \ / _ \ __|\___ \| '_ \| |/ _` |/ _ \ '__|
 | |__| | (_) | |_| | | |  __/ |_ ____) | |_) | | (_| |  __/ |
 |_____/ \___/ \__|_| |_|\___|\__|_____/| .__/|_|\__,_|\___|_|     version: 5.1.2.0
                                        | |
                                        |_|

2023-07-28 11:21:20.782 +08:00 [Information] RequestedQueueCount: 1000
2023-07-28 11:21:20.783 +08:00 [Information] Depth: 0
2023-07-28 11:21:20.784 +08:00 [Information] RetriedTimes: 3
2023-07-28 11:21:20.786 +08:00 [Information] EmptySleepTime: 60
2023-07-28 11:21:20.787 +08:00 [Information] Speed: 1
2023-07-28 11:21:20.788 +08:00 [Information] Batch: 4
2023-07-28 11:21:20.788 +08:00 [Information] RemoveOutboundLinks: False
2023-07-28 11:21:20.789 +08:00 [Information] StorageType: DotnetSpider.MySql.MySqlEntityStorage, DotnetSpider.MySql
2023-07-28 11:21:20.789 +08:00 [Information] RefreshProxy: 30
2023-07-28 11:21:20.978 +08:00 [Information] Agent started
2023-07-28 11:21:20.981 +08:00 [Information] Initialize spider 64c33430ff1e38727ad1aaf4, Github
2023-07-28 11:21:21.017 +08:00 [Information] 64c33430ff1e38727ad1aaf4 DataFlows: Parser -> ConsoleStorage
2023-07-28 11:21:21.026 +08:00 [Information] 64c33430ff1e38727ad1aaf4 register topic DotnetSpider_64c33430ff1e38727ad1aaf4
2023-07-28 11:21:21.030 +08:00 [Information] Statistics service started
2023-07-28 11:21:21.666 +08:00 [Information] 64c33430ff1e38727ad1aaf4 download https://old.tcmsp-e.com/tcmspsearch.php?qs=herb_all_name&q=陈皮, OU/ebA completed
2023-07-28 11:21:21.754 +08:00 [Warning] 数据流上下文不包含解析结果
2023-07-28 11:21:22.247 +08:00 [Information] 64c33430ff1e38727ad1aaf4 download https://old.tcmsp-e.com/tcmspsearch.php?qs=herb_all_name&q=陈皮&token=93032b3fd6e9f3c12b74007fe1b19f8a, luIH9g completed
2023-07-28 11:21:22.364 +08:00 [Warning] 数据流上下文不包含解析结果
2023-07-28 11:21:26.071 +08:00 [Information] 64c33430ff1e38727ad1aaf4 total 2, speed: 0.40, success 2, failure 0, left 0
2023-07-28 11:21:26.093 +08:00 [Information] Statistics service stopping
2023-07-28 11:21:26.100 +08:00 [Information] Statistics service stopped
2023-07-28 11:21:26.135 +08:00 [Information] 64c33430ff1e38727ad1aaf4 stopped
2023-07-28 11:21:26.138 +08:00 [Information] Agent is stopping
2023-07-28 11:21:26.139 +08:00 [Information] Agent stopped
2023-07-28 12:51:19.728 +08:00 [Information] 

  _____        _              _    _____       _     _
 |  __ \      | |            | |  / ____|     (_)   | |
 | |  | | ___ | |_ _ __   ___| |_| (___  _ __  _  __| | ___ _ __
 | |  | |/ _ \| __| '_ \ / _ \ __|\___ \| '_ \| |/ _` |/ _ \ '__|
 | |__| | (_) | |_| | | |  __/ |_ ____) | |_) | | (_| |  __/ |
 |_____/ \___/ \__|_| |_|\___|\__|_____/| .__/|_|\__,_|\___|_|     version: 5.1.2.0
                                        | |
                                        |_|

2023-07-28 12:51:19.804 +08:00 [Information] RequestedQueueCount: 1000
2023-07-28 12:51:19.804 +08:00 [Information] Depth: 0
2023-07-28 12:51:19.805 +08:00 [Information] RetriedTimes: 3
2023-07-28 12:51:19.805 +08:00 [Information] EmptySleepTime: 60
2023-07-28 12:51:19.806 +08:00 [Information] Speed: 1
2023-07-28 12:51:19.807 +08:00 [Information] Batch: 4
2023-07-28 12:51:19.808 +08:00 [Information] RemoveOutboundLinks: False
2023-07-28 12:51:19.808 +08:00 [Information] StorageType: DotnetSpider.MySql.MySqlEntityStorage, DotnetSpider.MySql
2023-07-28 12:51:19.808 +08:00 [Information] RefreshProxy: 30
2023-07-28 12:51:20.122 +08:00 [Information] Agent started
2023-07-28 12:51:20.133 +08:00 [Information] Initialize spider 64c349486c658348866c73ea, Github
2023-07-28 12:51:20.171 +08:00 [Information] 64c349486c658348866c73ea DataFlows: Parser -> ConsoleStorage
2023-07-28 12:51:20.177 +08:00 [Information] 64c349486c658348866c73ea register topic DotnetSpider_64c349486c658348866c73ea
2023-07-28 12:51:20.229 +08:00 [Information] Statistics service started
2023-07-28 12:51:21.033 +08:00 [Information] 64c349486c658348866c73ea download https://old.tcmsp-e.com/tcmspsearch.php?qs=herb_all_name&q=陈皮, rUp4jQ completed
2023-07-28 12:51:21.226 +08:00 [Warning] 数据流上下文不包含解析结果
2023-07-28 12:51:21.474 +08:00 [Information] 64c349486c658348866c73ea download https://old.tcmsp-e.com/tcmspsearch.php?qs=herb_all_name&q=陈皮&token=93032b3fd6e9f3c12b74007fe1b19f8a, Di9eMg completed
2023-07-28 12:51:21.610 +08:00 [Warning] 数据流上下文不包含解析结果
2023-07-28 12:51:21.834 +08:00 [Error] 64c349486c658348866c73ea handle {"Hash":"Di9eMg","Owner":"64c349486c658348866c73ea","Timeout":30000,"Agent":null,"Downloader":"DotnetSpider_HttpClient_Downloader","Depth":0,"Timestamp":1690519881264,"Policy":0,"Version":"1.1","Content":null,"Method":"Get","RequestUri":"https://old.tcmsp-e.com/tcmspsearch.php?qs=herb_all_name\u0026q=%E9%99%88%E7%9A%AE\u0026token=93032b3fd6e9f3c12b74007fe1b19f8a","Headers":{},"Properties":{},"PPPoERegex":null} failed: System.InvalidOperationException: This operation is not supported for a relative URI.
   at System.Uri.get_AbsoluteUri()
   at DotnetSpider.Infrastructure.RequestHasher.ComputeHash(Request request)
   at DotnetSpider.Scheduler.SchedulerBase.EnqueueAsync(IEnumerable`1 requests)
   at DotnetSpider.Spider.AddRequestsAsync(IEnumerable`1 requests)
   at DotnetSpider.Spider.HandleResponseAsync(Request request, Response response, Byte[] messageBytes)
2023-07-28 12:51:25.253 +08:00 [Information] 64c349486c658348866c73ea total 2, speed: 0.20, success 1, failure 0, left 1
2023-07-28 12:51:30.267 +08:00 [Information] 64c349486c658348866c73ea total 2, speed: 0.10, success 1, failure 0, left 1
2023-07-28 12:51:35.275 +08:00 [Information] 64c349486c658348866c73ea total 2, speed: 0.07, success 1, failure 0, left 1
2023-07-28 12:51:40.284 +08:00 [Information] 64c349486c658348866c73ea total 2, speed: 0.05, success 1, failure 0, left 1
2023-07-28 12:51:45.291 +08:00 [Information] 64c349486c658348866c73ea total 2, speed: 0.04, success 1, failure 0, left 1
2023-07-28 12:51:50.301 +08:00 [Information] 64c349486c658348866c73ea total 2, speed: 0.03, success 1, failure 0, left 1
2023-07-28 12:51:55.313 +08:00 [Information] 64c349486c658348866c73ea total 2, speed: 0.03, success 1, failure 0, left 1
2023-07-28 12:52:00.322 +08:00 [Information] 64c349486c658348866c73ea total 2, speed: 0.03, success 1, failure 0, left 1
2023-07-28 12:52:05.322 +08:00 [Information] 64c349486c658348866c73ea total 2, speed: 0.02, success 1, failure 0, left 1
2023-07-28 12:52:10.336 +08:00 [Information] 64c349486c658348866c73ea total 2, speed: 0.02, success 1, failure 0, left 1
2023-07-28 12:52:15.340 +08:00 [Information] 64c349486c658348866c73ea total 2, speed: 0.02, success 1, failure 0, left 1
2023-07-28 12:52:20.352 +08:00 [Information] 64c349486c658348866c73ea total 2, speed: 0.02, success 1, failure 0, left 1
2023-07-28 12:52:25.362 +08:00 [Information] 64c349486c658348866c73ea total 2, speed: 0.02, success 1, failure 0, left 1
2023-07-28 12:52:26.340 +08:00 [Information] Statistics service stopping
2023-07-28 12:52:26.344 +08:00 [Information] Statistics service stopped
2023-07-28 12:52:26.378 +08:00 [Information] 64c349486c658348866c73ea stopped
2023-07-28 12:52:26.380 +08:00 [Information] Agent is stopping
2023-07-28 12:52:26.380 +08:00 [Information] Agent stopped
2023-07-28 12:53:54.615 +08:00 [Information] 

  _____        _              _    _____       _     _
 |  __ \      | |            | |  / ____|     (_)   | |
 | |  | | ___ | |_ _ __   ___| |_| (___  _ __  _  __| | ___ _ __
 | |  | |/ _ \| __| '_ \ / _ \ __|\___ \| '_ \| |/ _` |/ _ \ '__|
 | |__| | (_) | |_| | | |  __/ |_ ____) | |_) | | (_| |  __/ |
 |_____/ \___/ \__|_| |_|\___|\__|_____/| .__/|_|\__,_|\___|_|     version: 5.1.2.0
                                        | |
                                        |_|

2023-07-28 12:53:54.648 +08:00 [Information] RequestedQueueCount: 1000
2023-07-28 12:53:54.649 +08:00 [Information] Depth: 0
2023-07-28 12:53:54.649 +08:00 [Information] RetriedTimes: 3
2023-07-28 12:53:54.650 +08:00 [Information] EmptySleepTime: 60
2023-07-28 12:53:54.651 +08:00 [Information] Speed: 1
2023-07-28 12:53:54.651 +08:00 [Information] Batch: 4
2023-07-28 12:53:54.652 +08:00 [Information] RemoveOutboundLinks: False
2023-07-28 12:53:54.652 +08:00 [Information] StorageType: DotnetSpider.MySql.MySqlEntityStorage, DotnetSpider.MySql
2023-07-28 12:53:54.652 +08:00 [Information] RefreshProxy: 30
2023-07-28 12:53:54.872 +08:00 [Information] Agent started
2023-07-28 12:53:54.882 +08:00 [Information] Initialize spider 64c349e2e56ae168bba86609, Github
2023-07-28 12:53:54.908 +08:00 [Information] 64c349e2e56ae168bba86609 DataFlows: Parser -> ConsoleStorage
2023-07-28 12:53:54.913 +08:00 [Information] 64c349e2e56ae168bba86609 register topic DotnetSpider_64c349e2e56ae168bba86609
2023-07-28 12:53:55.011 +08:00 [Information] Statistics service started
2023-07-28 12:53:55.673 +08:00 [Information] 64c349e2e56ae168bba86609 download https://old.tcmsp-e.com/tcmspsearch.php?qs=herb_all_name&q=陈皮, yF2NMg completed
2023-07-28 12:53:55.766 +08:00 [Warning] 数据流上下文不包含解析结果
2023-07-28 12:53:56.232 +08:00 [Information] 64c349e2e56ae168bba86609 download https://old.tcmsp-e.com/tcmspsearch.php?qs=herb_all_name&q=陈皮&token=93032b3fd6e9f3c12b74007fe1b19f8a, o21AzQ completed
2023-07-28 12:54:52.911 +08:00 [Warning] 数据流上下文不包含解析结果
2023-07-28 12:54:52.940 +08:00 [Information] 64c349e2e56ae168bba86609 total 2, speed: 0.02, success 1, failure 0, left 1
2023-07-28 12:54:53.240 +08:00 [Error] 64c349e2e56ae168bba86609 handle {"Hash":"o21AzQ","Owner":"64c349e2e56ae168bba86609","Timeout":30000,"Agent":null,"Downloader":"DotnetSpider_HttpClient_Downloader","Depth":0,"Timestamp":1690520036021,"Policy":0,"Version":"1.1","Content":null,"Method":"Get","RequestUri":"https://old.tcmsp-e.com/tcmspsearch.php?qs=herb_all_name\u0026q=%E9%99%88%E7%9A%AE\u0026token=93032b3fd6e9f3c12b74007fe1b19f8a","Headers":{},"Properties":{},"PPPoERegex":null} failed: System.InvalidOperationException: This operation is not supported for a relative URI.
   at System.Uri.get_AbsoluteUri()
   at DotnetSpider.Infrastructure.RequestHasher.ComputeHash(Request request)
   at DotnetSpider.Scheduler.SchedulerBase.EnqueueAsync(IEnumerable`1 requests)
   at DotnetSpider.Spider.AddRequestsAsync(IEnumerable`1 requests)
   at DotnetSpider.Spider.HandleResponseAsync(Request request, Response response, Byte[] messageBytes)
2023-07-28 12:54:57.933 +08:00 [Information] 64c349e2e56ae168bba86609 total 2, speed: 0.02, success 1, failure 0, left 1
2023-07-28 12:55:34.326 +08:00 [Information] 

  _____        _              _    _____       _     _
 |  __ \      | |            | |  / ____|     (_)   | |
 | |  | | ___ | |_ _ __   ___| |_| (___  _ __  _  __| | ___ _ __
 | |  | |/ _ \| __| '_ \ / _ \ __|\___ \| '_ \| |/ _` |/ _ \ '__|
 | |__| | (_) | |_| | | |  __/ |_ ____) | |_) | | (_| |  __/ |
 |_____/ \___/ \__|_| |_|\___|\__|_____/| .__/|_|\__,_|\___|_|     version: 5.1.2.0
                                        | |
                                        |_|

2023-07-28 12:55:34.359 +08:00 [Information] RequestedQueueCount: 1000
2023-07-28 12:55:34.360 +08:00 [Information] Depth: 0
2023-07-28 12:55:34.360 +08:00 [Information] RetriedTimes: 3
2023-07-28 12:55:34.361 +08:00 [Information] EmptySleepTime: 60
2023-07-28 12:55:34.361 +08:00 [Information] Speed: 1
2023-07-28 12:55:34.362 +08:00 [Information] Batch: 4
2023-07-28 12:55:34.362 +08:00 [Information] RemoveOutboundLinks: False
2023-07-28 12:55:34.363 +08:00 [Information] StorageType: DotnetSpider.MySql.MySqlEntityStorage, DotnetSpider.MySql
2023-07-28 12:55:34.363 +08:00 [Information] RefreshProxy: 30
2023-07-28 12:55:34.601 +08:00 [Information] Agent started
2023-07-28 12:55:34.608 +08:00 [Information] Initialize spider 64c34a46e03db74022269191, Github
2023-07-28 12:55:34.634 +08:00 [Information] 64c34a46e03db74022269191 DataFlows: Parser -> ConsoleStorage
2023-07-28 12:55:34.640 +08:00 [Information] 64c34a46e03db74022269191 register topic DotnetSpider_64c34a46e03db74022269191
2023-07-28 12:55:34.672 +08:00 [Information] Statistics service started
2023-07-28 12:55:35.387 +08:00 [Information] 64c34a46e03db74022269191 download https://old.tcmsp-e.com/tcmspsearch.php?qs=herb_all_name&q=陈皮, qpFqSg completed
2023-07-28 12:55:43.738 +08:00 [Warning] 数据流上下文不包含解析结果
2023-07-28 12:55:43.748 +08:00 [Information] 64c34a46e03db74022269191 total 2, speed: 0, success 1, failure 0, left 2
2023-07-28 12:55:43.951 +08:00 [Information] 64c34a46e03db74022269191 download https://old.tcmsp-e.com/tcmspsearch.php?qs=herb_all_name&q=陈皮&token=93032b3fd6e9f3c12b74007fe1b19f8a, GScqtw completed
2023-07-28 12:55:55.178 +08:00 [Warning] 数据流上下文不包含解析结果
2023-07-28 12:55:55.185 +08:00 [Information] 64c34a46e03db74022269191 total 2, speed: 0.05, success 1, failure 0, left 1
2023-07-28 12:55:56.432 +08:00 [Information] 64c34a46e03db74022269191 download https://old.tcmsp-e.com/tcmspsearch.php?qr=Citrus Reticulata&qsr=herb_en_name&token=93032b3fd6e9f3c12b74007fe1b19f8a, VVtRAg completed
2023-07-28 12:56:15.557 +08:00 [Information] 64c34a46e03db74022269191 total 3, speed: 0.05, success 2, failure 0, left 1
2023-07-28 13:36:18.341 +08:00 [Information] 

  _____        _              _    _____       _     _
 |  __ \      | |            | |  / ____|     (_)   | |
 | |  | | ___ | |_ _ __   ___| |_| (___  _ __  _  __| | ___ _ __
 | |  | |/ _ \| __| '_ \ / _ \ __|\___ \| '_ \| |/ _` |/ _ \ '__|
 | |__| | (_) | |_| | | |  __/ |_ ____) | |_) | | (_| |  __/ |
 |_____/ \___/ \__|_| |_|\___|\__|_____/| .__/|_|\__,_|\___|_|     version: 5.1.2.0
                                        | |
                                        |_|

2023-07-28 13:36:18.373 +08:00 [Information] RequestedQueueCount: 1000
2023-07-28 13:36:18.375 +08:00 [Information] Depth: 0
2023-07-28 13:36:18.375 +08:00 [Information] RetriedTimes: 3
2023-07-28 13:36:18.376 +08:00 [Information] EmptySleepTime: 60
2023-07-28 13:36:18.376 +08:00 [Information] Speed: 1
2023-07-28 13:36:18.377 +08:00 [Information] Batch: 4
2023-07-28 13:36:18.377 +08:00 [Information] RemoveOutboundLinks: False
2023-07-28 13:36:18.377 +08:00 [Information] StorageType: DotnetSpider.MySql.MySqlEntityStorage, DotnetSpider.MySql
2023-07-28 13:36:18.378 +08:00 [Information] RefreshProxy: 30
2023-07-28 13:36:18.593 +08:00 [Information] Agent started
2023-07-28 13:36:18.603 +08:00 [Information] Initialize spider 64c353d2a25f04d3e9787106, Github
2023-07-28 13:36:18.629 +08:00 [Information] 64c353d2a25f04d3e9787106 DataFlows: Parser -> ConsoleStorage
2023-07-28 13:36:18.636 +08:00 [Information] 64c353d2a25f04d3e9787106 register topic DotnetSpider_64c353d2a25f04d3e9787106
2023-07-28 13:36:18.691 +08:00 [Information] Statistics service started
2023-07-28 13:36:19.375 +08:00 [Information] 64c353d2a25f04d3e9787106 download https://old.tcmsp-e.com/tcmspsearch.php?qs=herb_all_name&q=陈皮, XUBYEw completed
2023-07-28 13:36:19.453 +08:00 [Warning] 数据流上下文不包含解析结果
2023-07-28 13:36:19.932 +08:00 [Information] 64c353d2a25f04d3e9787106 download https://old.tcmsp-e.com/tcmspsearch.php?qs=herb_all_name&q=陈皮&token=93032b3fd6e9f3c12b74007fe1b19f8a, w+aMHA completed
2023-07-28 13:36:20.045 +08:00 [Warning] 数据流上下文不包含解析结果
2023-07-28 13:36:21.567 +08:00 [Information] 64c353d2a25f04d3e9787106 download https://old.tcmsp-e.com/tcmspsearch.php?qr=Citrus Reticulata&qsr=herb_en_name&token=93032b3fd6e9f3c12b74007fe1b19f8a, YrFwcw completed
2023-07-28 13:36:41.028 +08:00 [Information] 

  _____        _              _    _____       _     _
 |  __ \      | |            | |  / ____|     (_)   | |
 | |  | | ___ | |_ _ __   ___| |_| (___  _ __  _  __| | ___ _ __
 | |  | |/ _ \| __| '_ \ / _ \ __|\___ \| '_ \| |/ _` |/ _ \ '__|
 | |__| | (_) | |_| | | |  __/ |_ ____) | |_) | | (_| |  __/ |
 |_____/ \___/ \__|_| |_|\___|\__|_____/| .__/|_|\__,_|\___|_|     version: 5.1.2.0
                                        | |
                                        |_|

2023-07-28 13:36:41.061 +08:00 [Information] RequestedQueueCount: 1000
2023-07-28 13:36:41.062 +08:00 [Information] Depth: 0
2023-07-28 13:36:41.062 +08:00 [Information] RetriedTimes: 3
2023-07-28 13:36:41.063 +08:00 [Information] EmptySleepTime: 60
2023-07-28 13:36:41.063 +08:00 [Information] Speed: 1
2023-07-28 13:36:41.064 +08:00 [Information] Batch: 4
2023-07-28 13:36:41.064 +08:00 [Information] RemoveOutboundLinks: False
2023-07-28 13:36:41.065 +08:00 [Information] StorageType: DotnetSpider.MySql.MySqlEntityStorage, DotnetSpider.MySql
2023-07-28 13:36:41.065 +08:00 [Information] RefreshProxy: 30
2023-07-28 13:36:41.279 +08:00 [Information] Agent started
2023-07-28 13:36:41.288 +08:00 [Information] Initialize spider 64c353e91d58066cc0665aa0, Github
2023-07-28 13:36:41.313 +08:00 [Information] 64c353e91d58066cc0665aa0 DataFlows: Parser -> ConsoleStorage
2023-07-28 13:36:41.319 +08:00 [Information] 64c353e91d58066cc0665aa0 register topic DotnetSpider_64c353e91d58066cc0665aa0
2023-07-28 13:36:41.350 +08:00 [Information] Statistics service started
2023-07-28 13:36:42.052 +08:00 [Information] 64c353e91d58066cc0665aa0 download https://old.tcmsp-e.com/tcmspsearch.php?qs=herb_all_name&q=陈皮, rUVSxQ completed
2023-07-28 13:36:42.131 +08:00 [Warning] 数据流上下文不包含解析结果
2023-07-28 13:36:42.593 +08:00 [Information] 64c353e91d58066cc0665aa0 download https://old.tcmsp-e.com/tcmspsearch.php?qs=herb_all_name&q=陈皮&token=93032b3fd6e9f3c12b74007fe1b19f8a, IL9DTA completed
2023-07-28 13:36:42.704 +08:00 [Warning] 数据流上下文不包含解析结果
2023-07-28 13:36:44.161 +08:00 [Information] 64c353e91d58066cc0665aa0 download https://old.tcmsp-e.com/tcmspsearch.php?qr=Citrus Reticulata&qsr=herb_en_name&token=93032b3fd6e9f3c12b74007fe1b19f8a, 9cIz4Q completed
2023-07-28 13:38:24.561 +08:00 [Information] 

  _____        _              _    _____       _     _
 |  __ \      | |            | |  / ____|     (_)   | |
 | |  | | ___ | |_ _ __   ___| |_| (___  _ __  _  __| | ___ _ __
 | |  | |/ _ \| __| '_ \ / _ \ __|\___ \| '_ \| |/ _` |/ _ \ '__|
 | |__| | (_) | |_| | | |  __/ |_ ____) | |_) | | (_| |  __/ |
 |_____/ \___/ \__|_| |_|\___|\__|_____/| .__/|_|\__,_|\___|_|     version: 5.1.2.0
                                        | |
                                        |_|

2023-07-28 13:38:24.594 +08:00 [Information] RequestedQueueCount: 1000
2023-07-28 13:38:24.595 +08:00 [Information] Depth: 0
2023-07-28 13:38:24.597 +08:00 [Information] RetriedTimes: 3
2023-07-28 13:38:24.598 +08:00 [Information] EmptySleepTime: 60
2023-07-28 13:38:24.599 +08:00 [Information] Speed: 1
2023-07-28 13:38:24.599 +08:00 [Information] Batch: 4
2023-07-28 13:38:24.599 +08:00 [Information] RemoveOutboundLinks: False
2023-07-28 13:38:24.600 +08:00 [Information] StorageType: DotnetSpider.MySql.MySqlEntityStorage, DotnetSpider.MySql
2023-07-28 13:38:24.600 +08:00 [Information] RefreshProxy: 30
2023-07-28 13:38:24.896 +08:00 [Information] Agent started
2023-07-28 13:38:24.904 +08:00 [Information] Initialize spider 64c3545057402492f49a7539, Github
2023-07-28 13:38:24.936 +08:00 [Information] 64c3545057402492f49a7539 DataFlows: Parser -> ConsoleStorage
2023-07-28 13:38:24.947 +08:00 [Information] 64c3545057402492f49a7539 register topic DotnetSpider_64c3545057402492f49a7539
2023-07-28 13:38:24.998 +08:00 [Information] Statistics service started
2023-07-28 13:38:25.701 +08:00 [Information] 64c3545057402492f49a7539 download https://old.tcmsp-e.com/tcmspsearch.php?qs=herb_all_name&q=陈皮, CckFtQ completed
2023-07-28 13:38:25.780 +08:00 [Warning] 数据流上下文不包含解析结果
2023-07-28 13:38:26.260 +08:00 [Information] 64c3545057402492f49a7539 download https://old.tcmsp-e.com/tcmspsearch.php?qs=herb_all_name&q=陈皮&token=93032b3fd6e9f3c12b74007fe1b19f8a, lY6bPQ completed
2023-07-28 13:38:26.359 +08:00 [Warning] 数据流上下文不包含解析结果
2023-07-28 13:38:28.037 +08:00 [Information] 64c3545057402492f49a7539 download https://old.tcmsp-e.com/tcmspsearch.php?qr=Citrus Reticulata&qsr=herb_en_name&token=93032b3fd6e9f3c12b74007fe1b19f8a, j3W7Kw completed
2023-07-28 13:49:38.032 +08:00 [Information] 

  _____        _              _    _____       _     _
 |  __ \      | |            | |  / ____|     (_)   | |
 | |  | | ___ | |_ _ __   ___| |_| (___  _ __  _  __| | ___ _ __
 | |  | |/ _ \| __| '_ \ / _ \ __|\___ \| '_ \| |/ _` |/ _ \ '__|
 | |__| | (_) | |_| | | |  __/ |_ ____) | |_) | | (_| |  __/ |
 |_____/ \___/ \__|_| |_|\___|\__|_____/| .__/|_|\__,_|\___|_|     version: 5.1.2.0
                                        | |
                                        |_|

2023-07-28 13:49:38.066 +08:00 [Information] RequestedQueueCount: 1000
2023-07-28 13:49:38.067 +08:00 [Information] Depth: 0
2023-07-28 13:49:38.068 +08:00 [Information] RetriedTimes: 3
2023-07-28 13:49:38.068 +08:00 [Information] EmptySleepTime: 60
2023-07-28 13:49:38.069 +08:00 [Information] Speed: 1
2023-07-28 13:49:38.069 +08:00 [Information] Batch: 4
2023-07-28 13:49:38.073 +08:00 [Information] RemoveOutboundLinks: False
2023-07-28 13:49:38.073 +08:00 [Information] StorageType: DotnetSpider.MySql.MySqlEntityStorage, DotnetSpider.MySql
2023-07-28 13:49:38.074 +08:00 [Information] RefreshProxy: 30
2023-07-28 13:49:38.367 +08:00 [Information] Agent started
2023-07-28 13:49:38.377 +08:00 [Information] Initialize spider 64c356f26f2d4652459489c0, Github
2023-07-28 13:49:38.404 +08:00 [Information] 64c356f26f2d4652459489c0 DataFlows: Parser -> ConsoleStorage
2023-07-28 13:49:38.411 +08:00 [Information] 64c356f26f2d4652459489c0 register topic DotnetSpider_64c356f26f2d4652459489c0
2023-07-28 13:49:38.470 +08:00 [Information] Statistics service started
2023-07-28 13:49:39.198 +08:00 [Information] 64c356f26f2d4652459489c0 download https://old.tcmsp-e.com/tcmspsearch.php?qs=herb_all_name&q=陈皮, eVPf5A completed
2023-07-28 13:49:39.324 +08:00 [Warning] 数据流上下文不包含解析结果
2023-07-28 13:49:39.698 +08:00 [Information] 64c356f26f2d4652459489c0 download https://old.tcmsp-e.com/tcmspsearch.php?qs=herb_all_name&q=陈皮&token=93032b3fd6e9f3c12b74007fe1b19f8a, q28Zng completed
2023-07-28 13:49:39.814 +08:00 [Warning] 数据流上下文不包含解析结果
2023-07-28 13:49:41.231 +08:00 [Information] 64c356f26f2d4652459489c0 download https://old.tcmsp-e.com/tcmspsearch.php?qr=Citrus Reticulata&qsr=herb_en_name&token=93032b3fd6e9f3c12b74007fe1b19f8a, 3fXx7A completed
2023-07-28 13:50:27.849 +08:00 [Information] 

  _____        _              _    _____       _     _
 |  __ \      | |            | |  / ____|     (_)   | |
 | |  | | ___ | |_ _ __   ___| |_| (___  _ __  _  __| | ___ _ __
 | |  | |/ _ \| __| '_ \ / _ \ __|\___ \| '_ \| |/ _` |/ _ \ '__|
 | |__| | (_) | |_| | | |  __/ |_ ____) | |_) | | (_| |  __/ |
 |_____/ \___/ \__|_| |_|\___|\__|_____/| .__/|_|\__,_|\___|_|     version: 5.1.2.0
                                        | |
                                        |_|

2023-07-28 13:50:27.893 +08:00 [Information] RequestedQueueCount: 1000
2023-07-28 13:50:27.900 +08:00 [Information] Depth: 0
2023-07-28 13:50:27.901 +08:00 [Information] RetriedTimes: 3
2023-07-28 13:50:27.902 +08:00 [Information] EmptySleepTime: 60
2023-07-28 13:50:27.903 +08:00 [Information] Speed: 1
2023-07-28 13:50:27.903 +08:00 [Information] Batch: 4
2023-07-28 13:50:27.904 +08:00 [Information] RemoveOutboundLinks: False
2023-07-28 13:50:27.904 +08:00 [Information] StorageType: DotnetSpider.MySql.MySqlEntityStorage, DotnetSpider.MySql
2023-07-28 13:50:27.905 +08:00 [Information] RefreshProxy: 30
2023-07-28 13:50:28.174 +08:00 [Information] Agent started
2023-07-28 13:50:28.183 +08:00 [Information] Initialize spider 64c357245f2279607db55f5e, Github
2023-07-28 13:50:28.216 +08:00 [Information] 64c357245f2279607db55f5e DataFlows: Parser -> ConsoleStorage
2023-07-28 13:50:28.226 +08:00 [Information] 64c357245f2279607db55f5e register topic DotnetSpider_64c357245f2279607db55f5e
2023-07-28 13:50:28.274 +08:00 [Information] Statistics service started
2023-07-28 13:50:29.014 +08:00 [Information] 64c357245f2279607db55f5e download https://old.tcmsp-e.com/tcmspsearch.php?qs=herb_all_name&q=陈皮, MhOu4g completed
2023-07-28 13:50:29.097 +08:00 [Warning] 数据流上下文不包含解析结果
2023-07-28 13:50:29.526 +08:00 [Information] 64c357245f2279607db55f5e download https://old.tcmsp-e.com/tcmspsearch.php?qs=herb_all_name&q=陈皮&token=93032b3fd6e9f3c12b74007fe1b19f8a, hxCGlw completed
2023-07-28 13:50:29.635 +08:00 [Warning] 数据流上下文不包含解析结果
2023-07-28 13:50:30.886 +08:00 [Information] 64c357245f2279607db55f5e download https://old.tcmsp-e.com/tcmspsearch.php?qr=Citrus Reticulata&qsr=herb_en_name&token=93032b3fd6e9f3c12b74007fe1b19f8a, dqVOIA completed
2023-07-28 13:50:54.948 +08:00 [Information] 

  _____        _              _    _____       _     _
 |  __ \      | |            | |  / ____|     (_)   | |
 | |  | | ___ | |_ _ __   ___| |_| (___  _ __  _  __| | ___ _ __
 | |  | |/ _ \| __| '_ \ / _ \ __|\___ \| '_ \| |/ _` |/ _ \ '__|
 | |__| | (_) | |_| | | |  __/ |_ ____) | |_) | | (_| |  __/ |
 |_____/ \___/ \__|_| |_|\___|\__|_____/| .__/|_|\__,_|\___|_|     version: 5.1.2.0
                                        | |
                                        |_|

2023-07-28 13:50:54.979 +08:00 [Information] RequestedQueueCount: 1000
2023-07-28 13:50:54.980 +08:00 [Information] Depth: 0
2023-07-28 13:50:54.980 +08:00 [Information] RetriedTimes: 3
2023-07-28 13:50:54.980 +08:00 [Information] EmptySleepTime: 60
2023-07-28 13:50:54.981 +08:00 [Information] Speed: 1
2023-07-28 13:50:54.981 +08:00 [Information] Batch: 4
2023-07-28 13:50:54.982 +08:00 [Information] RemoveOutboundLinks: False
2023-07-28 13:50:54.982 +08:00 [Information] StorageType: DotnetSpider.MySql.MySqlEntityStorage, DotnetSpider.MySql
2023-07-28 13:50:54.982 +08:00 [Information] RefreshProxy: 30
2023-07-28 13:50:55.197 +08:00 [Information] Agent started
2023-07-28 13:50:55.206 +08:00 [Information] Initialize spider 64c3573f9f6d3b042cc95ce5, Github
2023-07-28 13:50:55.232 +08:00 [Information] 64c3573f9f6d3b042cc95ce5 DataFlows: Parser -> ConsoleStorage
2023-07-28 13:50:55.239 +08:00 [Information] 64c3573f9f6d3b042cc95ce5 register topic DotnetSpider_64c3573f9f6d3b042cc95ce5
2023-07-28 13:50:55.284 +08:00 [Information] Statistics service started
2023-07-28 13:50:55.954 +08:00 [Information] 64c3573f9f6d3b042cc95ce5 download https://old.tcmsp-e.com/tcmspsearch.php?qs=herb_all_name&q=陈皮, +yYVjQ completed
2023-07-28 13:50:56.031 +08:00 [Warning] 数据流上下文不包含解析结果
2023-07-28 13:50:56.512 +08:00 [Information] 64c3573f9f6d3b042cc95ce5 download https://old.tcmsp-e.com/tcmspsearch.php?qs=herb_all_name&q=陈皮&token=93032b3fd6e9f3c12b74007fe1b19f8a, PvDeAw completed
2023-07-28 13:54:52.494 +08:00 [Information] 

  _____        _              _    _____       _     _
 |  __ \      | |            | |  / ____|     (_)   | |
 | |  | | ___ | |_ _ __   ___| |_| (___  _ __  _  __| | ___ _ __
 | |  | |/ _ \| __| '_ \ / _ \ __|\___ \| '_ \| |/ _` |/ _ \ '__|
 | |__| | (_) | |_| | | |  __/ |_ ____) | |_) | | (_| |  __/ |
 |_____/ \___/ \__|_| |_|\___|\__|_____/| .__/|_|\__,_|\___|_|     version: 5.1.2.0
                                        | |
                                        |_|

2023-07-28 13:54:52.525 +08:00 [Information] RequestedQueueCount: 1000
2023-07-28 13:54:52.525 +08:00 [Information] Depth: 0
2023-07-28 13:54:52.526 +08:00 [Information] RetriedTimes: 3
2023-07-28 13:54:52.526 +08:00 [Information] EmptySleepTime: 60
2023-07-28 13:54:52.527 +08:00 [Information] Speed: 1
2023-07-28 13:54:52.527 +08:00 [Information] Batch: 4
2023-07-28 13:54:52.527 +08:00 [Information] RemoveOutboundLinks: False
2023-07-28 13:54:52.528 +08:00 [Information] StorageType: DotnetSpider.MySql.MySqlEntityStorage, DotnetSpider.MySql
2023-07-28 13:54:52.528 +08:00 [Information] RefreshProxy: 30
2023-07-28 13:54:52.753 +08:00 [Information] Agent started
2023-07-28 13:54:52.761 +08:00 [Information] Initialize spider 64c3582cd1594fe2ec2c6a5a, Github
2023-07-28 13:54:52.786 +08:00 [Information] 64c3582cd1594fe2ec2c6a5a DataFlows: Parser -> ConsoleStorage
2023-07-28 13:54:52.792 +08:00 [Information] 64c3582cd1594fe2ec2c6a5a register topic DotnetSpider_64c3582cd1594fe2ec2c6a5a
2023-07-28 13:54:52.829 +08:00 [Information] Statistics service started
2023-07-28 13:54:53.490 +08:00 [Information] 64c3582cd1594fe2ec2c6a5a download https://old.tcmsp-e.com/tcmspsearch.php?qs=herb_all_name&q=陈皮, etsEpA completed
2023-07-28 13:54:53.577 +08:00 [Warning] 数据流上下文不包含解析结果
2023-07-28 13:54:54.054 +08:00 [Information] 64c3582cd1594fe2ec2c6a5a download https://old.tcmsp-e.com/tcmspsearch.php?qs=herb_all_name&q=陈皮&token=93032b3fd6e9f3c12b74007fe1b19f8a, 95edTw completed
2023-07-28 13:54:54.161 +08:00 [Warning] 数据流上下文不包含解析结果
2023-07-28 13:54:55.430 +08:00 [Information] 64c3582cd1594fe2ec2c6a5a download https://old.tcmsp-e.com/tcmspsearch.php?qr=Citrus Reticulata&qsr=herb_en_name&token=93032b3fd6e9f3c12b74007fe1b19f8a, T1Q2+w completed
2023-07-28 14:00:37.541 +08:00 [Information] 

  _____        _              _    _____       _     _
 |  __ \      | |            | |  / ____|     (_)   | |
 | |  | | ___ | |_ _ __   ___| |_| (___  _ __  _  __| | ___ _ __
 | |  | |/ _ \| __| '_ \ / _ \ __|\___ \| '_ \| |/ _` |/ _ \ '__|
 | |__| | (_) | |_| | | |  __/ |_ ____) | |_) | | (_| |  __/ |
 |_____/ \___/ \__|_| |_|\___|\__|_____/| .__/|_|\__,_|\___|_|     version: 5.1.2.0
                                        | |
                                        |_|

2023-07-28 14:00:37.577 +08:00 [Information] RequestedQueueCount: 1000
2023-07-28 14:00:37.578 +08:00 [Information] Depth: 0
2023-07-28 14:00:37.579 +08:00 [Information] RetriedTimes: 3
2023-07-28 14:00:37.580 +08:00 [Information] EmptySleepTime: 60
2023-07-28 14:00:37.581 +08:00 [Information] Speed: 1
2023-07-28 14:00:37.581 +08:00 [Information] Batch: 4
2023-07-28 14:00:37.582 +08:00 [Information] RemoveOutboundLinks: False
2023-07-28 14:00:37.582 +08:00 [Information] StorageType: DotnetSpider.MySql.MySqlEntityStorage, DotnetSpider.MySql
2023-07-28 14:00:37.582 +08:00 [Information] RefreshProxy: 30
2023-07-28 14:00:37.797 +08:00 [Information] Agent started
2023-07-28 14:00:37.805 +08:00 [Information] Initialize spider 64c35985cc3c01f7c1f494ff, Github
2023-07-28 14:00:37.838 +08:00 [Information] 64c35985cc3c01f7c1f494ff DataFlows: Parser -> ConsoleStorage
2023-07-28 14:00:37.847 +08:00 [Information] 64c35985cc3c01f7c1f494ff register topic DotnetSpider_64c35985cc3c01f7c1f494ff
2023-07-28 14:00:37.942 +08:00 [Information] Statistics service started
2023-07-28 14:00:38.625 +08:00 [Information] 64c35985cc3c01f7c1f494ff download https://old.tcmsp-e.com/tcmspsearch.php?qs=herb_all_name&q=陈皮, d+W3Jw completed
2023-07-28 14:00:38.785 +08:00 [Warning] 数据流上下文不包含解析结果
2023-07-28 14:00:39.173 +08:00 [Information] 64c35985cc3c01f7c1f494ff download https://old.tcmsp-e.com/tcmspsearch.php?qs=herb_all_name&q=陈皮&token=93032b3fd6e9f3c12b74007fe1b19f8a, QTSpHw completed
2023-07-28 14:00:39.353 +08:00 [Warning] 数据流上下文不包含解析结果
2023-07-28 14:00:40.895 +08:00 [Information] 64c35985cc3c01f7c1f494ff download https://old.tcmsp-e.com/tcmspsearch.php?qr=Citrus Reticulata&qsr=herb_en_name&token=93032b3fd6e9f3c12b74007fe1b19f8a, FhoqYA completed
2023-07-28 14:02:18.038 +08:00 [Information] 

  _____        _              _    _____       _     _
 |  __ \      | |            | |  / ____|     (_)   | |
 | |  | | ___ | |_ _ __   ___| |_| (___  _ __  _  __| | ___ _ __
 | |  | |/ _ \| __| '_ \ / _ \ __|\___ \| '_ \| |/ _` |/ _ \ '__|
 | |__| | (_) | |_| | | |  __/ |_ ____) | |_) | | (_| |  __/ |
 |_____/ \___/ \__|_| |_|\___|\__|_____/| .__/|_|\__,_|\___|_|     version: 5.1.2.0
                                        | |
                                        |_|

2023-07-28 14:02:18.070 +08:00 [Information] RequestedQueueCount: 1000
2023-07-28 14:02:18.071 +08:00 [Information] Depth: 0
2023-07-28 14:02:18.072 +08:00 [Information] RetriedTimes: 3
2023-07-28 14:02:18.072 +08:00 [Information] EmptySleepTime: 60
2023-07-28 14:02:18.073 +08:00 [Information] Speed: 1
2023-07-28 14:02:18.073 +08:00 [Information] Batch: 4
2023-07-28 14:02:18.074 +08:00 [Information] RemoveOutboundLinks: False
2023-07-28 14:02:18.074 +08:00 [Information] StorageType: DotnetSpider.MySql.MySqlEntityStorage, DotnetSpider.MySql
2023-07-28 14:02:18.074 +08:00 [Information] RefreshProxy: 30
2023-07-28 14:02:18.224 +08:00 [Information] Agent started
2023-07-28 14:02:18.225 +08:00 [Information] Initialize spider 64c359eabb76a2492fe08988, Github
2023-07-28 14:02:18.257 +08:00 [Information] 64c359eabb76a2492fe08988 DataFlows: Parser -> ConsoleStorage
2023-07-28 14:02:18.268 +08:00 [Information] 64c359eabb76a2492fe08988 register topic DotnetSpider_64c359eabb76a2492fe08988
2023-07-28 14:02:18.273 +08:00 [Information] Statistics service started
2023-07-28 14:02:18.856 +08:00 [Information] 64c359eabb76a2492fe08988 download https://old.tcmsp-e.com/tcmspsearch.php?qs=herb_all_name&q=陈皮, aq497w completed
2023-07-28 14:02:18.939 +08:00 [Warning] 数据流上下文不包含解析结果
2023-07-28 14:02:19.496 +08:00 [Information] 64c359eabb76a2492fe08988 download https://old.tcmsp-e.com/tcmspsearch.php?qs=herb_all_name&q=陈皮&token=93032b3fd6e9f3c12b74007fe1b19f8a, HUw9qg completed
2023-07-28 14:02:19.612 +08:00 [Warning] 数据流上下文不包含解析结果
2023-07-28 14:02:21.446 +08:00 [Information] 64c359eabb76a2492fe08988 download https://old.tcmsp-e.com/tcmspsearch.php?qr=Citrus Reticulata&qsr=herb_en_name&token=93032b3fd6e9f3c12b74007fe1b19f8a, 63nhbQ completed
2023-07-28 14:02:21.692 +08:00 [Error] 64c359eabb76a2492fe08988 handle {"Hash":"63nhbQ","Owner":"64c359eabb76a2492fe08988","Timeout":30000,"Agent":null,"Downloader":"DotnetSpider_HttpClient_Downloader","Depth":0,"Timestamp":1690524140311,"Policy":0,"Version":"1.1","Content":null,"Method":"Get","RequestUri":"https://old.tcmsp-e.com/tcmspsearch.php?qr=Citrus Reticulata\u0026qsr=herb_en_name\u0026token=93032b3fd6e9f3c12b74007fe1b19f8a","Headers":{},"Properties":{},"PPPoERegex":null} failed: Newtonsoft.Json.JsonSerializationException: Cannot deserialize the current JSON array (e.g. [1,2,3]) into type 'Tcmsp.Spider.Item.DataRoot' because the type requires a JSON object (e.g. {"name":"value"}) to deserialize correctly.
To fix this error either change the JSON to a JSON object (e.g. {"name":"value"}) or change the deserialized type to an array or a type that implements a collection interface (e.g. ICollection, IList) like List<T> that can be deserialized from a JSON array. JsonArrayAttribute can also be added to the type to force it to deserialize from a JSON array.
Path '', line 1, position 1.
   at Newtonsoft.Json.Serialization.JsonSerializerInternalReader.EnsureArrayContract(JsonReader reader, Type objectType, JsonContract contract)
   at Newtonsoft.Json.Serialization.JsonSerializerInternalReader.CreateList(JsonReader reader, Type objectType, JsonContract contract, JsonProperty member, Object existingValue, String id)
   at Newtonsoft.Json.Serialization.JsonSerializerInternalReader.CreateValueInternal(JsonReader reader, Type objectType, JsonContract contract, JsonProperty member, JsonContainerContract containerContract, JsonProperty containerMember, Object existingValue)
   at Newtonsoft.Json.Serialization.JsonSerializerInternalReader.Deserialize(JsonReader reader, Type objectType, Boolean checkAdditionalContent)
   at Newtonsoft.Json.JsonSerializer.DeserializeInternal(JsonReader reader, Type objectType)
   at Newtonsoft.Json.JsonSerializer.Deserialize(JsonReader reader, Type objectType)
   at Newtonsoft.Json.JsonConvert.DeserializeObject(String value, Type type, JsonSerializerSettings settings)
   at Newtonsoft.Json.JsonConvert.DeserializeObject[T](String value, JsonSerializerSettings settings)
   at Newtonsoft.Json.JsonConvert.DeserializeObject[T](String value)
   at Tcmsp.Spider.TcmspSpider.Parser.ParseAsync(DataFlowContext context) in D:\UGit\Tcmsp\Tcmsp\Spider\TcmspSpider.cs:line 100
   at DotnetSpider.DataFlow.Parser.DataParser.HandleAsync(DataFlowContext context)
   at DotnetSpider.Spider.HandleResponseAsync(Request request, Response response, Byte[] messageBytes)
2023-07-28 14:02:23.308 +08:00 [Information] 64c359eabb76a2492fe08988 total 3, speed: 0.40, success 2, failure 0, left 1
2023-07-28 14:02:28.307 +08:00 [Information] 64c359eabb76a2492fe08988 total 3, speed: 0.20, success 2, failure 0, left 1
2023-07-28 14:02:33.321 +08:00 [Information] 64c359eabb76a2492fe08988 total 3, speed: 0.13, success 2, failure 0, left 1
2023-07-28 14:02:38.324 +08:00 [Information] 64c359eabb76a2492fe08988 total 3, speed: 0.10, success 2, failure 0, left 1
2023-07-28 14:02:38.846 +08:00 [Information] Statistics service stopping
2023-07-28 14:02:38.907 +08:00 [Information] Statistics service stopped
2023-07-28 14:02:38.942 +08:00 [Information] 64c359eabb76a2492fe08988 stopped
2023-07-28 14:02:38.948 +08:00 [Information] Agent is stopping
2023-07-28 14:02:38.949 +08:00 [Information] Agent stopped
2023-07-28 14:05:18.962 +08:00 [Information] 

  _____        _              _    _____       _     _
 |  __ \      | |            | |  / ____|     (_)   | |
 | |  | | ___ | |_ _ __   ___| |_| (___  _ __  _  __| | ___ _ __
 | |  | |/ _ \| __| '_ \ / _ \ __|\___ \| '_ \| |/ _` |/ _ \ '__|
 | |__| | (_) | |_| | | |  __/ |_ ____) | |_) | | (_| |  __/ |
 |_____/ \___/ \__|_| |_|\___|\__|_____/| .__/|_|\__,_|\___|_|     version: 5.1.2.0
                                        | |
                                        |_|

2023-07-28 14:05:18.994 +08:00 [Information] RequestedQueueCount: 1000
2023-07-28 14:05:18.995 +08:00 [Information] Depth: 0
2023-07-28 14:05:18.995 +08:00 [Information] RetriedTimes: 3
2023-07-28 14:05:18.996 +08:00 [Information] EmptySleepTime: 60
2023-07-28 14:05:18.996 +08:00 [Information] Speed: 1
2023-07-28 14:05:18.998 +08:00 [Information] Batch: 4
2023-07-28 14:05:19.000 +08:00 [Information] RemoveOutboundLinks: False
2023-07-28 14:05:19.000 +08:00 [Information] StorageType: DotnetSpider.MySql.MySqlEntityStorage, DotnetSpider.MySql
2023-07-28 14:05:19.001 +08:00 [Information] RefreshProxy: 30
2023-07-28 14:05:19.208 +08:00 [Information] Agent started
2023-07-28 14:05:19.216 +08:00 [Information] Initialize spider 64c35a9fc555a19978c43c18, Github
2023-07-28 14:05:19.242 +08:00 [Information] 64c35a9fc555a19978c43c18 DataFlows: Parser -> ConsoleStorage
2023-07-28 14:05:19.247 +08:00 [Information] 64c35a9fc555a19978c43c18 register topic DotnetSpider_64c35a9fc555a19978c43c18
2023-07-28 14:05:19.282 +08:00 [Information] Statistics service started
2023-07-28 14:05:19.949 +08:00 [Information] 64c35a9fc555a19978c43c18 download https://old.tcmsp-e.com/tcmspsearch.php?qs=herb_all_name&q=陈皮, kEHy7Q completed
2023-07-28 14:05:20.028 +08:00 [Warning] 数据流上下文不包含解析结果
2023-07-28 14:05:20.500 +08:00 [Information] 64c35a9fc555a19978c43c18 download https://old.tcmsp-e.com/tcmspsearch.php?qs=herb_all_name&q=陈皮&token=93032b3fd6e9f3c12b74007fe1b19f8a, HC4MIQ completed
2023-07-28 14:05:20.613 +08:00 [Warning] 数据流上下文不包含解析结果
2023-07-28 14:05:22.392 +08:00 [Information] 64c35a9fc555a19978c43c18 download https://old.tcmsp-e.com/tcmspsearch.php?qr=Citrus Reticulata&qsr=herb_en_name&token=93032b3fd6e9f3c12b74007fe1b19f8a, gAMggg completed
2023-07-28 14:07:22.278 +08:00 [Information] 

  _____        _              _    _____       _     _
 |  __ \      | |            | |  / ____|     (_)   | |
 | |  | | ___ | |_ _ __   ___| |_| (___  _ __  _  __| | ___ _ __
 | |  | |/ _ \| __| '_ \ / _ \ __|\___ \| '_ \| |/ _` |/ _ \ '__|
 | |__| | (_) | |_| | | |  __/ |_ ____) | |_) | | (_| |  __/ |
 |_____/ \___/ \__|_| |_|\___|\__|_____/| .__/|_|\__,_|\___|_|     version: 5.1.2.0
                                        | |
                                        |_|

2023-07-28 14:07:22.308 +08:00 [Information] RequestedQueueCount: 1000
2023-07-28 14:07:22.308 +08:00 [Information] Depth: 0
2023-07-28 14:07:22.309 +08:00 [Information] RetriedTimes: 3
2023-07-28 14:07:22.309 +08:00 [Information] EmptySleepTime: 60
2023-07-28 14:07:22.310 +08:00 [Information] Speed: 1
2023-07-28 14:07:22.310 +08:00 [Information] Batch: 4
2023-07-28 14:07:22.310 +08:00 [Information] RemoveOutboundLinks: False
2023-07-28 14:07:22.311 +08:00 [Information] StorageType: DotnetSpider.MySql.MySqlEntityStorage, DotnetSpider.MySql
2023-07-28 14:07:22.311 +08:00 [Information] RefreshProxy: 30
2023-07-28 14:07:22.513 +08:00 [Information] Agent started
2023-07-28 14:07:22.522 +08:00 [Information] Initialize spider 64c35b1aa47749d5b7ba2f96, Github
2023-07-28 14:07:22.546 +08:00 [Information] 64c35b1aa47749d5b7ba2f96 DataFlows: Parser -> ConsoleStorage
2023-07-28 14:07:22.553 +08:00 [Information] 64c35b1aa47749d5b7ba2f96 register topic DotnetSpider_64c35b1aa47749d5b7ba2f96
2023-07-28 14:07:22.586 +08:00 [Information] Statistics service started
2023-07-28 14:07:23.239 +08:00 [Information] 64c35b1aa47749d5b7ba2f96 download https://old.tcmsp-e.com/tcmspsearch.php?qs=herb_all_name&q=陈皮, kZTz7g completed
2023-07-28 14:07:23.314 +08:00 [Warning] 数据流上下文不包含解析结果
2023-07-28 14:07:23.800 +08:00 [Information] 64c35b1aa47749d5b7ba2f96 download https://old.tcmsp-e.com/tcmspsearch.php?qs=herb_all_name&q=陈皮&token=93032b3fd6e9f3c12b74007fe1b19f8a, dXa8hg completed
2023-07-28 14:07:23.913 +08:00 [Warning] 数据流上下文不包含解析结果
2023-07-28 14:07:25.182 +08:00 [Information] 64c35b1aa47749d5b7ba2f96 download https://old.tcmsp-e.com/tcmspsearch.php?qr=Citrus Reticulata&qsr=herb_en_name&token=93032b3fd6e9f3c12b74007fe1b19f8a, PkkWMg completed
2023-07-28 14:14:38.458 +08:00 [Information] 

  _____        _              _    _____       _     _
 |  __ \      | |            | |  / ____|     (_)   | |
 | |  | | ___ | |_ _ __   ___| |_| (___  _ __  _  __| | ___ _ __
 | |  | |/ _ \| __| '_ \ / _ \ __|\___ \| '_ \| |/ _` |/ _ \ '__|
 | |__| | (_) | |_| | | |  __/ |_ ____) | |_) | | (_| |  __/ |
 |_____/ \___/ \__|_| |_|\___|\__|_____/| .__/|_|\__,_|\___|_|     version: 5.1.2.0
                                        | |
                                        |_|

2023-07-28 14:14:38.489 +08:00 [Information] RequestedQueueCount: 1000
2023-07-28 14:14:38.490 +08:00 [Information] Depth: 0
2023-07-28 14:14:38.491 +08:00 [Information] RetriedTimes: 3
2023-07-28 14:14:38.491 +08:00 [Information] EmptySleepTime: 60
2023-07-28 14:14:38.491 +08:00 [Information] Speed: 1
2023-07-28 14:14:38.492 +08:00 [Information] Batch: 4
2023-07-28 14:14:38.492 +08:00 [Information] RemoveOutboundLinks: False
2023-07-28 14:14:38.493 +08:00 [Information] StorageType: DotnetSpider.MySql.MySqlEntityStorage, DotnetSpider.MySql
2023-07-28 14:14:38.493 +08:00 [Information] RefreshProxy: 30
2023-07-28 14:14:38.704 +08:00 [Information] Agent started
2023-07-28 14:14:38.712 +08:00 [Information] Initialize spider 64c35cce4258651bb8751e8b, Github
2023-07-28 14:14:38.738 +08:00 [Information] 64c35cce4258651bb8751e8b DataFlows: Parser -> ConsoleStorage
2023-07-28 14:14:38.743 +08:00 [Information] 64c35cce4258651bb8751e8b register topic DotnetSpider_64c35cce4258651bb8751e8b
2023-07-28 14:14:38.806 +08:00 [Information] Statistics service started
2023-07-28 14:14:39.445 +08:00 [Information] 64c35cce4258651bb8751e8b download https://old.tcmsp-e.com/tcmspsearch.php?qs=herb_all_name&q=陈皮, gN7HeA completed
2023-07-28 14:14:39.519 +08:00 [Warning] 数据流上下文不包含解析结果
2023-07-28 14:14:40.029 +08:00 [Information] 64c35cce4258651bb8751e8b download https://old.tcmsp-e.com/tcmspsearch.php?qs=herb_all_name&q=陈皮&token=93032b3fd6e9f3c12b74007fe1b19f8a, ivOnqQ completed
2023-07-28 14:14:40.138 +08:00 [Warning] 数据流上下文不包含解析结果
2023-07-28 14:14:41.407 +08:00 [Information] 64c35cce4258651bb8751e8b download https://old.tcmsp-e.com/tcmspsearch.php?qr=Citrus Reticulata&qsr=herb_en_name&token=93032b3fd6e9f3c12b74007fe1b19f8a, 7REyaA completed
